<?xml version="1.0" encoding="UTF-8"?>
<!-- Generated by org.testng.reporters.JUnitXMLReporter -->
<testsuite ignored="1" hostname="TYSS-Apoorva" failures="0" tests="3" name="Test" time="69.608" errors="0" timestamp="2024-04-18T18:52:27 IST">
  <testcase classname="workingWithUnitTestingTool.workingWithInclude" name="executeScript1" time="34.121"/>
  <testcase classname="workingWithUnitTestingTool.workingWithInclude1" name="executeScript" time="32.258"/>
  <testcase classname="workingWithUnitTestingTool.workingWithInclude2" name="executeScript" time="3.071"/>
  <testcase classname="workingWithUnitTestingTool.workingWithInclude" name="executeScript2" time="0.0">
    <ignored/>
  </testcase> <!-- executeScript2 -->
</testsuite> <!-- Test -->
